

Microchip Technology PIC LITE Macro Assembler V1.43 build -156212558 
                                                                                               Mon Sep 18 10:22:33 2017

Microchip Technology Omniscient Code Generator v1.43 (Free mode) build 201707250354
     1                           	processor	16F1709
     2                           	opt	pw 120
     3                           	opt	lm
     4                           	psect	cinit,global,class=CODE,merge=1,delta=2
     5                           	psect	cstackCOMMON,global,class=COMMON,space=1,delta=1
     6                           	psect	maintext,global,class=CODE,merge=1,split=1,delta=2
     7                           	psect	text1,local,class=CODE,merge=1,delta=2
     8                           	psect	text2,local,class=CODE,merge=1,delta=2
     9                           	psect	text3,local,class=CODE,merge=1,delta=2
    10                           	psect	text4,local,class=CODE,merge=1,delta=2
    11                           	psect	text5,local,class=CODE,merge=1,delta=2
    12                           	dabs	1,0x7E,2
    13  0000                     
    14                           ; Version 1.43
    15                           ; Generated 25/07/2017 GMT
    16                           ; 
    17                           ; Copyright © 2017, Microchip Technology Inc. and its subsidiaries ("Microchip")
    18                           ; All rights reserved.
    19                           ; 
    20                           ; This software is developed by Microchip Technology Inc. and its subsidiaries ("Microch
      +                          ip").
    21                           ; 
    22                           ; Redistribution and use in source and binary forms, with or without modification, are
    23                           ; permitted provided that the following conditions are met:
    24                           ; 
    25                           ;     1. Redistributions of source code must retain the above copyright notice, this lis
      +                          t of
    26                           ;        conditions and the following disclaimer.
    27                           ; 
    28                           ;     2. Redistributions in binary form must reproduce the above copyright notice, this 
      +                          list
    29                           ;        of conditions and the following disclaimer in the documentation and/or other
    30                           ;        materials provided with the distribution.
    31                           ; 
    32                           ;     3. Microchip's name may not be used to endorse or promote products derived from th
      +                          is
    33                           ;        software without specific prior written permission.
    34                           ; 
    35                           ; THIS SOFTWARE IS PROVIDED BY MICROCHIP "AS IS" AND ANY EXPRESS OR IMPLIED WARRANTIES,
    36                           ; INCLUDING, BUT NOT LIMITED TO, THE IMPLIED WARRANTIES OF MERCHANTABILITY AND FITNESS F
      +                          OR
    37                           ; PURPOSE ARE DISCLAIMED.  IN NO EVENT SHALL MICROCHIP BE LIABLE FOR ANY DIRECT, INDIREC
      +                          T,
    38                           ; INCIDENTAL, SPECIAL, EXEMPLARY, OR CONSEQUENTIAL DAMAGES (INCLUDING BUT NOT LIMITED TO
    39                           ; PROCUREMENT OF SUBSTITUTE GOODS OR SERVICES; LOSS OF USE, DATA OR PROFITS; OR BUSINESS
    40                           ; INTERRUPTION) HOWSOEVER CAUSED AND ON ANY THEORY OF LIABILITY, WHETHER IN CONTRACT, ST
      +                          RICT
    41                           ; LIABILITY, OR TORT (INCLUDING NEGLIGENCE OR OTHERWISE) ARISING IN ANY WAY OUT OF THE U
      +                          SE OF
    42                           ; THIS SOFTWARE, EVEN IF ADVISED OF THE POSSIBILITY OF SUCH DAMAGE.
    43                           ; 
    44                           ; 
    45                           ; Code-generator required, PIC16F1709 Definitions
    46                           ; 
    47                           ; SFR Addresses
    48  0000                     	;# 
    49  0001                     	;# 
    50  0002                     	;# 
    51  0003                     	;# 
    52  0004                     	;# 
    53  0005                     	;# 
    54  0006                     	;# 
    55  0007                     	;# 
    56  0008                     	;# 
    57  0009                     	;# 
    58  000A                     	;# 
    59  000B                     	;# 
    60  000C                     	;# 
    61  000D                     	;# 
    62  000E                     	;# 
    63  0011                     	;# 
    64  0012                     	;# 
    65  0013                     	;# 
    66  0015                     	;# 
    67  0016                     	;# 
    68  0016                     	;# 
    69  0017                     	;# 
    70  0018                     	;# 
    71  0019                     	;# 
    72  001A                     	;# 
    73  001B                     	;# 
    74  001C                     	;# 
    75  008C                     	;# 
    76  008D                     	;# 
    77  008E                     	;# 
    78  0091                     	;# 
    79  0092                     	;# 
    80  0093                     	;# 
    81  0095                     	;# 
    82  0096                     	;# 
    83  0097                     	;# 
    84  0098                     	;# 
    85  0099                     	;# 
    86  009A                     	;# 
    87  009B                     	;# 
    88  009B                     	;# 
    89  009C                     	;# 
    90  009D                     	;# 
    91  009E                     	;# 
    92  009F                     	;# 
    93  010C                     	;# 
    94  010D                     	;# 
    95  010E                     	;# 
    96  0111                     	;# 
    97  0112                     	;# 
    98  0113                     	;# 
    99  0114                     	;# 
   100  0115                     	;# 
   101  0116                     	;# 
   102  0117                     	;# 
   103  0118                     	;# 
   104  0119                     	;# 
   105  011C                     	;# 
   106  018C                     	;# 
   107  018D                     	;# 
   108  018E                     	;# 
   109  0191                     	;# 
   110  0191                     	;# 
   111  0192                     	;# 
   112  0193                     	;# 
   113  0193                     	;# 
   114  0194                     	;# 
   115  0195                     	;# 
   116  0196                     	;# 
   117  0197                     	;# 
   118  0199                     	;# 
   119  0199                     	;# 
   120  0199                     	;# 
   121  019A                     	;# 
   122  019A                     	;# 
   123  019A                     	;# 
   124  019B                     	;# 
   125  019B                     	;# 
   126  019B                     	;# 
   127  019B                     	;# 
   128  019B                     	;# 
   129  019C                     	;# 
   130  019C                     	;# 
   131  019C                     	;# 
   132  019D                     	;# 
   133  019D                     	;# 
   134  019D                     	;# 
   135  019E                     	;# 
   136  019E                     	;# 
   137  019E                     	;# 
   138  019F                     	;# 
   139  019F                     	;# 
   140  019F                     	;# 
   141  019F                     	;# 
   142  019F                     	;# 
   143  020C                     	;# 
   144  020D                     	;# 
   145  020E                     	;# 
   146  0211                     	;# 
   147  0211                     	;# 
   148  0212                     	;# 
   149  0212                     	;# 
   150  0213                     	;# 
   151  0213                     	;# 
   152  0214                     	;# 
   153  0214                     	;# 
   154  0215                     	;# 
   155  0215                     	;# 
   156  0215                     	;# 
   157  0215                     	;# 
   158  0216                     	;# 
   159  0216                     	;# 
   160  0217                     	;# 
   161  0217                     	;# 
   162  028C                     	;# 
   163  028D                     	;# 
   164  028E                     	;# 
   165  0291                     	;# 
   166  0291                     	;# 
   167  0292                     	;# 
   168  0293                     	;# 
   169  0293                     	;# 
   170  0298                     	;# 
   171  0298                     	;# 
   172  0299                     	;# 
   173  029A                     	;# 
   174  029A                     	;# 
   175  029E                     	;# 
   176  030C                     	;# 
   177  030D                     	;# 
   178  030E                     	;# 
   179  038C                     	;# 
   180  038D                     	;# 
   181  038E                     	;# 
   182  0391                     	;# 
   183  0392                     	;# 
   184  0393                     	;# 
   185  0394                     	;# 
   186  0395                     	;# 
   187  0396                     	;# 
   188  0397                     	;# 
   189  0398                     	;# 
   190  0399                     	;# 
   191  0415                     	;# 
   192  0416                     	;# 
   193  0417                     	;# 
   194  041C                     	;# 
   195  041D                     	;# 
   196  041E                     	;# 
   197  0511                     	;# 
   198  0515                     	;# 
   199  0617                     	;# 
   200  0618                     	;# 
   201  0619                     	;# 
   202  0619                     	;# 
   203  061A                     	;# 
   204  061B                     	;# 
   205  061C                     	;# 
   206  061C                     	;# 
   207  0691                     	;# 
   208  0692                     	;# 
   209  0693                     	;# 
   210  0694                     	;# 
   211  0695                     	;# 
   212  0696                     	;# 
   213  0697                     	;# 
   214  0698                     	;# 
   215  0699                     	;# 
   216  069A                     	;# 
   217  069B                     	;# 
   218  069C                     	;# 
   219  069D                     	;# 
   220  069E                     	;# 
   221  069F                     	;# 
   222  0E0F                     	;# 
   223  0E10                     	;# 
   224  0E11                     	;# 
   225  0E12                     	;# 
   226  0E13                     	;# 
   227  0E14                     	;# 
   228  0E15                     	;# 
   229  0E17                     	;# 
   230  0E20                     	;# 
   231  0E21                     	;# 
   232  0E22                     	;# 
   233  0E24                     	;# 
   234  0E25                     	;# 
   235  0E28                     	;# 
   236  0E29                     	;# 
   237  0E2A                     	;# 
   238  0E2B                     	;# 
   239  0E90                     	;# 
   240  0E91                     	;# 
   241  0E92                     	;# 
   242  0E94                     	;# 
   243  0E95                     	;# 
   244  0E9C                     	;# 
   245  0E9D                     	;# 
   246  0E9E                     	;# 
   247  0E9F                     	;# 
   248  0EA0                     	;# 
   249  0EA1                     	;# 
   250  0EA2                     	;# 
   251  0EA3                     	;# 
   252  0EA4                     	;# 
   253  0EA5                     	;# 
   254  0EA6                     	;# 
   255  0EA7                     	;# 
   256  0F0F                     	;# 
   257  0F10                     	;# 
   258  0F11                     	;# 
   259  0F12                     	;# 
   260  0F13                     	;# 
   261  0F14                     	;# 
   262  0F15                     	;# 
   263  0F16                     	;# 
   264  0F17                     	;# 
   265  0F18                     	;# 
   266  0F19                     	;# 
   267  0F1A                     	;# 
   268  0F1B                     	;# 
   269  0F1C                     	;# 
   270  0F1D                     	;# 
   271  0F1E                     	;# 
   272  0F1F                     	;# 
   273  0F20                     	;# 
   274  0F21                     	;# 
   275  0F22                     	;# 
   276  0F23                     	;# 
   277  0F24                     	;# 
   278  0F25                     	;# 
   279  0F26                     	;# 
   280  0F27                     	;# 
   281  0F28                     	;# 
   282  0F29                     	;# 
   283  0F2A                     	;# 
   284  0F2B                     	;# 
   285  0F2C                     	;# 
   286  0F2D                     	;# 
   287  0F9E                     	;# 
   288  0FE4                     	;# 
   289  0FE5                     	;# 
   290  0FE6                     	;# 
   291  0FE7                     	;# 
   292  0FE8                     	;# 
   293  0FE9                     	;# 
   294  0FEA                     	;# 
   295  0FEB                     	;# 
   296  0FED                     	;# 
   297  0FEE                     	;# 
   298  0FEF                     	;# 
   299  0000                     	;# 
   300  0001                     	;# 
   301  0002                     	;# 
   302  0003                     	;# 
   303  0004                     	;# 
   304  0005                     	;# 
   305  0006                     	;# 
   306  0007                     	;# 
   307  0008                     	;# 
   308  0009                     	;# 
   309  000A                     	;# 
   310  000B                     	;# 
   311  000C                     	;# 
   312  000D                     	;# 
   313  000E                     	;# 
   314  0011                     	;# 
   315  0012                     	;# 
   316  0013                     	;# 
   317  0015                     	;# 
   318  0016                     	;# 
   319  0016                     	;# 
   320  0017                     	;# 
   321  0018                     	;# 
   322  0019                     	;# 
   323  001A                     	;# 
   324  001B                     	;# 
   325  001C                     	;# 
   326  008C                     	;# 
   327  008D                     	;# 
   328  008E                     	;# 
   329  0091                     	;# 
   330  0092                     	;# 
   331  0093                     	;# 
   332  0095                     	;# 
   333  0096                     	;# 
   334  0097                     	;# 
   335  0098                     	;# 
   336  0099                     	;# 
   337  009A                     	;# 
   338  009B                     	;# 
   339  009B                     	;# 
   340  009C                     	;# 
   341  009D                     	;# 
   342  009E                     	;# 
   343  009F                     	;# 
   344  010C                     	;# 
   345  010D                     	;# 
   346  010E                     	;# 
   347  0111                     	;# 
   348  0112                     	;# 
   349  0113                     	;# 
   350  0114                     	;# 
   351  0115                     	;# 
   352  0116                     	;# 
   353  0117                     	;# 
   354  0118                     	;# 
   355  0119                     	;# 
   356  011C                     	;# 
   357  018C                     	;# 
   358  018D                     	;# 
   359  018E                     	;# 
   360  0191                     	;# 
   361  0191                     	;# 
   362  0192                     	;# 
   363  0193                     	;# 
   364  0193                     	;# 
   365  0194                     	;# 
   366  0195                     	;# 
   367  0196                     	;# 
   368  0197                     	;# 
   369  0199                     	;# 
   370  0199                     	;# 
   371  0199                     	;# 
   372  019A                     	;# 
   373  019A                     	;# 
   374  019A                     	;# 
   375  019B                     	;# 
   376  019B                     	;# 
   377  019B                     	;# 
   378  019B                     	;# 
   379  019B                     	;# 
   380  019C                     	;# 
   381  019C                     	;# 
   382  019C                     	;# 
   383  019D                     	;# 
   384  019D                     	;# 
   385  019D                     	;# 
   386  019E                     	;# 
   387  019E                     	;# 
   388  019E                     	;# 
   389  019F                     	;# 
   390  019F                     	;# 
   391  019F                     	;# 
   392  019F                     	;# 
   393  019F                     	;# 
   394  020C                     	;# 
   395  020D                     	;# 
   396  020E                     	;# 
   397  0211                     	;# 
   398  0211                     	;# 
   399  0212                     	;# 
   400  0212                     	;# 
   401  0213                     	;# 
   402  0213                     	;# 
   403  0214                     	;# 
   404  0214                     	;# 
   405  0215                     	;# 
   406  0215                     	;# 
   407  0215                     	;# 
   408  0215                     	;# 
   409  0216                     	;# 
   410  0216                     	;# 
   411  0217                     	;# 
   412  0217                     	;# 
   413  028C                     	;# 
   414  028D                     	;# 
   415  028E                     	;# 
   416  0291                     	;# 
   417  0291                     	;# 
   418  0292                     	;# 
   419  0293                     	;# 
   420  0293                     	;# 
   421  0298                     	;# 
   422  0298                     	;# 
   423  0299                     	;# 
   424  029A                     	;# 
   425  029A                     	;# 
   426  029E                     	;# 
   427  030C                     	;# 
   428  030D                     	;# 
   429  030E                     	;# 
   430  038C                     	;# 
   431  038D                     	;# 
   432  038E                     	;# 
   433  0391                     	;# 
   434  0392                     	;# 
   435  0393                     	;# 
   436  0394                     	;# 
   437  0395                     	;# 
   438  0396                     	;# 
   439  0397                     	;# 
   440  0398                     	;# 
   441  0399                     	;# 
   442  0415                     	;# 
   443  0416                     	;# 
   444  0417                     	;# 
   445  041C                     	;# 
   446  041D                     	;# 
   447  041E                     	;# 
   448  0511                     	;# 
   449  0515                     	;# 
   450  0617                     	;# 
   451  0618                     	;# 
   452  0619                     	;# 
   453  0619                     	;# 
   454  061A                     	;# 
   455  061B                     	;# 
   456  061C                     	;# 
   457  061C                     	;# 
   458  0691                     	;# 
   459  0692                     	;# 
   460  0693                     	;# 
   461  0694                     	;# 
   462  0695                     	;# 
   463  0696                     	;# 
   464  0697                     	;# 
   465  0698                     	;# 
   466  0699                     	;# 
   467  069A                     	;# 
   468  069B                     	;# 
   469  069C                     	;# 
   470  069D                     	;# 
   471  069E                     	;# 
   472  069F                     	;# 
   473  0E0F                     	;# 
   474  0E10                     	;# 
   475  0E11                     	;# 
   476  0E12                     	;# 
   477  0E13                     	;# 
   478  0E14                     	;# 
   479  0E15                     	;# 
   480  0E17                     	;# 
   481  0E20                     	;# 
   482  0E21                     	;# 
   483  0E22                     	;# 
   484  0E24                     	;# 
   485  0E25                     	;# 
   486  0E28                     	;# 
   487  0E29                     	;# 
   488  0E2A                     	;# 
   489  0E2B                     	;# 
   490  0E90                     	;# 
   491  0E91                     	;# 
   492  0E92                     	;# 
   493  0E94                     	;# 
   494  0E95                     	;# 
   495  0E9C                     	;# 
   496  0E9D                     	;# 
   497  0E9E                     	;# 
   498  0E9F                     	;# 
   499  0EA0                     	;# 
   500  0EA1                     	;# 
   501  0EA2                     	;# 
   502  0EA3                     	;# 
   503  0EA4                     	;# 
   504  0EA5                     	;# 
   505  0EA6                     	;# 
   506  0EA7                     	;# 
   507  0F0F                     	;# 
   508  0F10                     	;# 
   509  0F11                     	;# 
   510  0F12                     	;# 
   511  0F13                     	;# 
   512  0F14                     	;# 
   513  0F15                     	;# 
   514  0F16                     	;# 
   515  0F17                     	;# 
   516  0F18                     	;# 
   517  0F19                     	;# 
   518  0F1A                     	;# 
   519  0F1B                     	;# 
   520  0F1C                     	;# 
   521  0F1D                     	;# 
   522  0F1E                     	;# 
   523  0F1F                     	;# 
   524  0F20                     	;# 
   525  0F21                     	;# 
   526  0F22                     	;# 
   527  0F23                     	;# 
   528  0F24                     	;# 
   529  0F25                     	;# 
   530  0F26                     	;# 
   531  0F27                     	;# 
   532  0F28                     	;# 
   533  0F29                     	;# 
   534  0F2A                     	;# 
   535  0F2B                     	;# 
   536  0F2C                     	;# 
   537  0F2D                     	;# 
   538  0F9E                     	;# 
   539  0FE4                     	;# 
   540  0FE5                     	;# 
   541  0FE6                     	;# 
   542  0FE7                     	;# 
   543  0FE8                     	;# 
   544  0FE9                     	;# 
   545  0FEA                     	;# 
   546  0FEB                     	;# 
   547  0FED                     	;# 
   548  0FEE                     	;# 
   549  0FEF                     	;# 
   550  0000                     	;# 
   551  0001                     	;# 
   552  0002                     	;# 
   553  0003                     	;# 
   554  0004                     	;# 
   555  0005                     	;# 
   556  0006                     	;# 
   557  0007                     	;# 
   558  0008                     	;# 
   559  0009                     	;# 
   560  000A                     	;# 
   561  000B                     	;# 
   562  000C                     	;# 
   563  000D                     	;# 
   564  000E                     	;# 
   565  0011                     	;# 
   566  0012                     	;# 
   567  0013                     	;# 
   568  0015                     	;# 
   569  0016                     	;# 
   570  0016                     	;# 
   571  0017                     	;# 
   572  0018                     	;# 
   573  0019                     	;# 
   574  001A                     	;# 
   575  001B                     	;# 
   576  001C                     	;# 
   577  008C                     	;# 
   578  008D                     	;# 
   579  008E                     	;# 
   580  0091                     	;# 
   581  0092                     	;# 
   582  0093                     	;# 
   583  0095                     	;# 
   584  0096                     	;# 
   585  0097                     	;# 
   586  0098                     	;# 
   587  0099                     	;# 
   588  009A                     	;# 
   589  009B                     	;# 
   590  009B                     	;# 
   591  009C                     	;# 
   592  009D                     	;# 
   593  009E                     	;# 
   594  009F                     	;# 
   595  010C                     	;# 
   596  010D                     	;# 
   597  010E                     	;# 
   598  0111                     	;# 
   599  0112                     	;# 
   600  0113                     	;# 
   601  0114                     	;# 
   602  0115                     	;# 
   603  0116                     	;# 
   604  0117                     	;# 
   605  0118                     	;# 
   606  0119                     	;# 
   607  011C                     	;# 
   608  018C                     	;# 
   609  018D                     	;# 
   610  018E                     	;# 
   611  0191                     	;# 
   612  0191                     	;# 
   613  0192                     	;# 
   614  0193                     	;# 
   615  0193                     	;# 
   616  0194                     	;# 
   617  0195                     	;# 
   618  0196                     	;# 
   619  0197                     	;# 
   620  0199                     	;# 
   621  0199                     	;# 
   622  0199                     	;# 
   623  019A                     	;# 
   624  019A                     	;# 
   625  019A                     	;# 
   626  019B                     	;# 
   627  019B                     	;# 
   628  019B                     	;# 
   629  019B                     	;# 
   630  019B                     	;# 
   631  019C                     	;# 
   632  019C                     	;# 
   633  019C                     	;# 
   634  019D                     	;# 
   635  019D                     	;# 
   636  019D                     	;# 
   637  019E                     	;# 
   638  019E                     	;# 
   639  019E                     	;# 
   640  019F                     	;# 
   641  019F                     	;# 
   642  019F                     	;# 
   643  019F                     	;# 
   644  019F                     	;# 
   645  020C                     	;# 
   646  020D                     	;# 
   647  020E                     	;# 
   648  0211                     	;# 
   649  0211                     	;# 
   650  0212                     	;# 
   651  0212                     	;# 
   652  0213                     	;# 
   653  0213                     	;# 
   654  0214                     	;# 
   655  0214                     	;# 
   656  0215                     	;# 
   657  0215                     	;# 
   658  0215                     	;# 
   659  0215                     	;# 
   660  0216                     	;# 
   661  0216                     	;# 
   662  0217                     	;# 
   663  0217                     	;# 
   664  028C                     	;# 
   665  028D                     	;# 
   666  028E                     	;# 
   667  0291                     	;# 
   668  0291                     	;# 
   669  0292                     	;# 
   670  0293                     	;# 
   671  0293                     	;# 
   672  0298                     	;# 
   673  0298                     	;# 
   674  0299                     	;# 
   675  029A                     	;# 
   676  029A                     	;# 
   677  029E                     	;# 
   678  030C                     	;# 
   679  030D                     	;# 
   680  030E                     	;# 
   681  038C                     	;# 
   682  038D                     	;# 
   683  038E                     	;# 
   684  0391                     	;# 
   685  0392                     	;# 
   686  0393                     	;# 
   687  0394                     	;# 
   688  0395                     	;# 
   689  0396                     	;# 
   690  0397                     	;# 
   691  0398                     	;# 
   692  0399                     	;# 
   693  0415                     	;# 
   694  0416                     	;# 
   695  0417                     	;# 
   696  041C                     	;# 
   697  041D                     	;# 
   698  041E                     	;# 
   699  0511                     	;# 
   700  0515                     	;# 
   701  0617                     	;# 
   702  0618                     	;# 
   703  0619                     	;# 
   704  0619                     	;# 
   705  061A                     	;# 
   706  061B                     	;# 
   707  061C                     	;# 
   708  061C                     	;# 
   709  0691                     	;# 
   710  0692                     	;# 
   711  0693                     	;# 
   712  0694                     	;# 
   713  0695                     	;# 
   714  0696                     	;# 
   715  0697                     	;# 
   716  0698                     	;# 
   717  0699                     	;# 
   718  069A                     	;# 
   719  069B                     	;# 
   720  069C                     	;# 
   721  069D                     	;# 
   722  069E                     	;# 
   723  069F                     	;# 
   724  0E0F                     	;# 
   725  0E10                     	;# 
   726  0E11                     	;# 
   727  0E12                     	;# 
   728  0E13                     	;# 
   729  0E14                     	;# 
   730  0E15                     	;# 
   731  0E17                     	;# 
   732  0E20                     	;# 
   733  0E21                     	;# 
   734  0E22                     	;# 
   735  0E24                     	;# 
   736  0E25                     	;# 
   737  0E28                     	;# 
   738  0E29                     	;# 
   739  0E2A                     	;# 
   740  0E2B                     	;# 
   741  0E90                     	;# 
   742  0E91                     	;# 
   743  0E92                     	;# 
   744  0E94                     	;# 
   745  0E95                     	;# 
   746  0E9C                     	;# 
   747  0E9D                     	;# 
   748  0E9E                     	;# 
   749  0E9F                     	;# 
   750  0EA0                     	;# 
   751  0EA1                     	;# 
   752  0EA2                     	;# 
   753  0EA3                     	;# 
   754  0EA4                     	;# 
   755  0EA5                     	;# 
   756  0EA6                     	;# 
   757  0EA7                     	;# 
   758  0F0F                     	;# 
   759  0F10                     	;# 
   760  0F11                     	;# 
   761  0F12                     	;# 
   762  0F13                     	;# 
   763  0F14                     	;# 
   764  0F15                     	;# 
   765  0F16                     	;# 
   766  0F17                     	;# 
   767  0F18                     	;# 
   768  0F19                     	;# 
   769  0F1A                     	;# 
   770  0F1B                     	;# 
   771  0F1C                     	;# 
   772  0F1D                     	;# 
   773  0F1E                     	;# 
   774  0F1F                     	;# 
   775  0F20                     	;# 
   776  0F21                     	;# 
   777  0F22                     	;# 
   778  0F23                     	;# 
   779  0F24                     	;# 
   780  0F25                     	;# 
   781  0F26                     	;# 
   782  0F27                     	;# 
   783  0F28                     	;# 
   784  0F29                     	;# 
   785  0F2A                     	;# 
   786  0F2B                     	;# 
   787  0F2C                     	;# 
   788  0F2D                     	;# 
   789  0F9E                     	;# 
   790  0FE4                     	;# 
   791  0FE5                     	;# 
   792  0FE6                     	;# 
   793  0FE7                     	;# 
   794  0FE8                     	;# 
   795  0FE9                     	;# 
   796  0FEA                     	;# 
   797  0FEB                     	;# 
   798  0FED                     	;# 
   799  0FEE                     	;# 
   800  0FEF                     	;# 
   801  0000                     	;# 
   802  0001                     	;# 
   803  0002                     	;# 
   804  0003                     	;# 
   805  0004                     	;# 
   806  0005                     	;# 
   807  0006                     	;# 
   808  0007                     	;# 
   809  0008                     	;# 
   810  0009                     	;# 
   811  000A                     	;# 
   812  000B                     	;# 
   813  000C                     	;# 
   814  000D                     	;# 
   815  000E                     	;# 
   816  0011                     	;# 
   817  0012                     	;# 
   818  0013                     	;# 
   819  0015                     	;# 
   820  0016                     	;# 
   821  0016                     	;# 
   822  0017                     	;# 
   823  0018                     	;# 
   824  0019                     	;# 
   825  001A                     	;# 
   826  001B                     	;# 
   827  001C                     	;# 
   828  008C                     	;# 
   829  008D                     	;# 
   830  008E                     	;# 
   831  0091                     	;# 
   832  0092                     	;# 
   833  0093                     	;# 
   834  0095                     	;# 
   835  0096                     	;# 
   836  0097                     	;# 
   837  0098                     	;# 
   838  0099                     	;# 
   839  009A                     	;# 
   840  009B                     	;# 
   841  009B                     	;# 
   842  009C                     	;# 
   843  009D                     	;# 
   844  009E                     	;# 
   845  009F                     	;# 
   846  010C                     	;# 
   847  010D                     	;# 
   848  010E                     	;# 
   849  0111                     	;# 
   850  0112                     	;# 
   851  0113                     	;# 
   852  0114                     	;# 
   853  0115                     	;# 
   854  0116                     	;# 
   855  0117                     	;# 
   856  0118                     	;# 
   857  0119                     	;# 
   858  011C                     	;# 
   859  018C                     	;# 
   860  018D                     	;# 
   861  018E                     	;# 
   862  0191                     	;# 
   863  0191                     	;# 
   864  0192                     	;# 
   865  0193                     	;# 
   866  0193                     	;# 
   867  0194                     	;# 
   868  0195                     	;# 
   869  0196                     	;# 
   870  0197                     	;# 
   871  0199                     	;# 
   872  0199                     	;# 
   873  0199                     	;# 
   874  019A                     	;# 
   875  019A                     	;# 
   876  019A                     	;# 
   877  019B                     	;# 
   878  019B                     	;# 
   879  019B                     	;# 
   880  019B                     	;# 
   881  019B                     	;# 
   882  019C                     	;# 
   883  019C                     	;# 
   884  019C                     	;# 
   885  019D                     	;# 
   886  019D                     	;# 
   887  019D                     	;# 
   888  019E                     	;# 
   889  019E                     	;# 
   890  019E                     	;# 
   891  019F                     	;# 
   892  019F                     	;# 
   893  019F                     	;# 
   894  019F                     	;# 
   895  019F                     	;# 
   896  020C                     	;# 
   897  020D                     	;# 
   898  020E                     	;# 
   899  0211                     	;# 
   900  0211                     	;# 
   901  0212                     	;# 
   902  0212                     	;# 
   903  0213                     	;# 
   904  0213                     	;# 
   905  0214                     	;# 
   906  0214                     	;# 
   907  0215                     	;# 
   908  0215                     	;# 
   909  0215                     	;# 
   910  0215                     	;# 
   911  0216                     	;# 
   912  0216                     	;# 
   913  0217                     	;# 
   914  0217                     	;# 
   915  028C                     	;# 
   916  028D                     	;# 
   917  028E                     	;# 
   918  0291                     	;# 
   919  0291                     	;# 
   920  0292                     	;# 
   921  0293                     	;# 
   922  0293                     	;# 
   923  0298                     	;# 
   924  0298                     	;# 
   925  0299                     	;# 
   926  029A                     	;# 
   927  029A                     	;# 
   928  029E                     	;# 
   929  030C                     	;# 
   930  030D                     	;# 
   931  030E                     	;# 
   932  038C                     	;# 
   933  038D                     	;# 
   934  038E                     	;# 
   935  0391                     	;# 
   936  0392                     	;# 
   937  0393                     	;# 
   938  0394                     	;# 
   939  0395                     	;# 
   940  0396                     	;# 
   941  0397                     	;# 
   942  0398                     	;# 
   943  0399                     	;# 
   944  0415                     	;# 
   945  0416                     	;# 
   946  0417                     	;# 
   947  041C                     	;# 
   948  041D                     	;# 
   949  041E                     	;# 
   950  0511                     	;# 
   951  0515                     	;# 
   952  0617                     	;# 
   953  0618                     	;# 
   954  0619                     	;# 
   955  0619                     	;# 
   956  061A                     	;# 
   957  061B                     	;# 
   958  061C                     	;# 
   959  061C                     	;# 
   960  0691                     	;# 
   961  0692                     	;# 
   962  0693                     	;# 
   963  0694                     	;# 
   964  0695                     	;# 
   965  0696                     	;# 
   966  0697                     	;# 
   967  0698                     	;# 
   968  0699                     	;# 
   969  069A                     	;# 
   970  069B                     	;# 
   971  069C                     	;# 
   972  069D                     	;# 
   973  069E                     	;# 
   974  069F                     	;# 
   975  0E0F                     	;# 
   976  0E10                     	;# 
   977  0E11                     	;# 
   978  0E12                     	;# 
   979  0E13                     	;# 
   980  0E14                     	;# 
   981  0E15                     	;# 
   982  0E17                     	;# 
   983  0E20                     	;# 
   984  0E21                     	;# 
   985  0E22                     	;# 
   986  0E24                     	;# 
   987  0E25                     	;# 
   988  0E28                     	;# 
   989  0E29                     	;# 
   990  0E2A                     	;# 
   991  0E2B                     	;# 
   992  0E90                     	;# 
   993  0E91                     	;# 
   994  0E92                     	;# 
   995  0E94                     	;# 
   996  0E95                     	;# 
   997  0E9C                     	;# 
   998  0E9D                     	;# 
   999  0E9E                     	;# 
  1000  0E9F                     	;# 
  1001  0EA0                     	;# 
  1002  0EA1                     	;# 
  1003  0EA2                     	;# 
  1004  0EA3                     	;# 
  1005  0EA4                     	;# 
  1006  0EA5                     	;# 
  1007  0EA6                     	;# 
  1008  0EA7                     	;# 
  1009  0F0F                     	;# 
  1010  0F10                     	;# 
  1011  0F11                     	;# 
  1012  0F12                     	;# 
  1013  0F13                     	;# 
  1014  0F14                     	;# 
  1015  0F15                     	;# 
  1016  0F16                     	;# 
  1017  0F17                     	;# 
  1018  0F18                     	;# 
  1019  0F19                     	;# 
  1020  0F1A                     	;# 
  1021  0F1B                     	;# 
  1022  0F1C                     	;# 
  1023  0F1D                     	;# 
  1024  0F1E                     	;# 
  1025  0F1F                     	;# 
  1026  0F20                     	;# 
  1027  0F21                     	;# 
  1028  0F22                     	;# 
  1029  0F23                     	;# 
  1030  0F24                     	;# 
  1031  0F25                     	;# 
  1032  0F26                     	;# 
  1033  0F27                     	;# 
  1034  0F28                     	;# 
  1035  0F29                     	;# 
  1036  0F2A                     	;# 
  1037  0F2B                     	;# 
  1038  0F2C                     	;# 
  1039  0F2D                     	;# 
  1040  0F9E                     	;# 
  1041  0FE4                     	;# 
  1042  0FE5                     	;# 
  1043  0FE6                     	;# 
  1044  0FE7                     	;# 
  1045  0FE8                     	;# 
  1046  0FE9                     	;# 
  1047  0FEA                     	;# 
  1048  0FEB                     	;# 
  1049  0FED                     	;# 
  1050  0FEE                     	;# 
  1051  0FEF                     	;# 
  1052  0011                     _PIR1bits	set	17
  1053  005F                     _GIE	set	95
  1054  0097                     _WDTCON	set	151
  1055  0098                     _OSCTUNE	set	152
  1056  009A                     _OSCSTAT	set	154
  1057  0099                     _OSCCON	set	153
  1058  0095                     _OPTION_REGbits	set	149
  1059  008E                     _TRISC	set	142
  1060  008D                     _TRISB	set	141
  1061  008C                     _TRISA	set	140
  1062  010E                     _LATC	set	270
  1063  010D                     _LATB	set	269
  1064  010C                     _LATA	set	268
  1065  019A                     _TX1REG	set	410
  1066  0199                     _RC1REG	set	409
  1067  019D                     _RC1STAbits	set	413
  1068  019C                     _SP1BRGH	set	412
  1069  019B                     _SP1BRGL	set	411
  1070  019E                     _TX1STA	set	414
  1071  019D                     _RC1STA	set	413
  1072  019F                     _BAUD1CON	set	415
  1073  018C                     _ANSELA	set	396
  1074  018D                     _ANSELB	set	397
  1075  018E                     _ANSELC	set	398
  1076  020E                     _WPUC	set	526
  1077  020C                     _WPUA	set	524
  1078  020D                     _WPUB	set	525
  1079  028E                     _ODCONC	set	654
  1080  028D                     _ODCONB	set	653
  1081  028C                     _ODCONA	set	652
  1082  0E24                     _RXPPSbits	set	3620
  1083  0E0F                     _PPSLOCKbits	set	3599
  1084  0E0F                     _PPSLOCK	set	3599
  1085  0E9C                     _RB4PPSbits	set	3740
  1086                           
  1087                           ; #config settings
  1088  0000                     
  1089                           	psect	cinit
  1090  07FD                     start_initialization:	
  1091  07FD                     __initialization:	
  1092  07FD                     end_of_initialization:	
  1093                           ;End of C runtime variable initialization code
  1094                           
  1095  07FD                     __end_of__initialization:	
  1096  07FD  0020               	movlb	0
  1097  07FE  3187  2F9C         	ljmp	_main	;jump to C main() function
  1098                           
  1099                           	psect	cstackCOMMON
  1100  0070                     __pcstackCOMMON:	
  1101  0070                     ?_OSCILLATOR_Initialize:	
  1102  0070                     ??_OSCILLATOR_Initialize:	
  1103                           ; 1 bytes @ 0x0
  1104                           
  1105  0070                     ?_WDT_Initialize:	
  1106                           ; 1 bytes @ 0x0
  1107                           
  1108  0070                     ??_WDT_Initialize:	
  1109                           ; 1 bytes @ 0x0
  1110                           
  1111  0070                     ?_EUSART_Initialize:	
  1112                           ; 1 bytes @ 0x0
  1113                           
  1114  0070                     ??_EUSART_Initialize:	
  1115                           ; 1 bytes @ 0x0
  1116                           
  1117  0070                     ?_PIN_MANAGER_Initialize:	
  1118                           ; 1 bytes @ 0x0
  1119                           
  1120  0070                     ??_PIN_MANAGER_Initialize:	
  1121                           ; 1 bytes @ 0x0
  1122                           
  1123  0070                     ?_SYSTEM_Initialize:	
  1124                           ; 1 bytes @ 0x0
  1125                           
  1126  0070                     ?_main:	
  1127                           ; 1 bytes @ 0x0
  1128                           
  1129  0070                     PIN_MANAGER_Initialize@state:	
  1130                           ; 1 bytes @ 0x0
  1131                           
  1132                           
  1133                           ; 1 bytes @ 0x0
  1134  0070                     	ds	1
  1135  0071                     ??_SYSTEM_Initialize:	
  1136  0071                     ??_main:	
  1137                           ; 1 bytes @ 0x1
  1138                           
  1139                           
  1140                           	psect	maintext
  1141  079C                     __pmaintext:	
  1142                           ; 1 bytes @ 0x1
  1143 ;;
  1144 ;;Main: autosize = 0, tempsize = 0, incstack = 0, save=0
  1145 ;;
  1146 ;; *************** function _main *****************
  1147 ;; Defined at:
  1148 ;;		line 6 in file "main.c"
  1149 ;; Parameters:    Size  Location     Type
  1150 ;;		None
  1151 ;; Auto vars:     Size  Location     Type
  1152 ;;		None
  1153 ;; Return value:  Size  Location     Type
  1154 ;;                  1    wreg      void 
  1155 ;; Registers used:
  1156 ;;		wreg, status,2, status,0, pclath, cstack
  1157 ;; Tracked objects:
  1158 ;;		On entry : B1F/0
  1159 ;;		On exit  : 0/0
  1160 ;;		Unchanged: 0/0
  1161 ;; Data sizes:     COMMON   BANK0   BANK1   BANK2   BANK3   BANK4   BANK5   BANK6   BANK7   BANK8   BANK9  BANK10  BANK1
      +1  BANK12
  1162 ;;      Params:         0       0       0       0       0       0       0       0       0       0       0       0       
      +0       0
  1163 ;;      Locals:         0       0       0       0       0       0       0       0       0       0       0       0       
      +0       0
  1164 ;;      Temps:          0       0       0       0       0       0       0       0       0       0       0       0       
      +0       0
  1165 ;;      Totals:         0       0       0       0       0       0       0       0       0       0       0       0       
      +0       0
  1166 ;;Total ram usage:        0 bytes
  1167 ;; Hardware stack levels required when called:    2
  1168 ;; This function calls:
  1169 ;;		_SYSTEM_Initialize
  1170 ;; This function is called by:
  1171 ;;		Startup code after reset
  1172 ;; This function uses a non-reentrant model
  1173 ;;
  1174                           
  1175                           
  1176                           ;psect for function _main
  1177  079C                     _main:	
  1178                           
  1179                           ;main.c: 9: SYSTEM_Initialize();
  1180                           
  1181                           ;incstack = 0
  1182                           ; Regs used in _main: [wreg+status,2+status,0+pclath+cstack]
  1183  079C  3187  27B2  3187   	fcall	_SYSTEM_Initialize
  1184  079F                     l80:	
  1185                           ;main.c: 26: while (1)
  1186                           
  1187                           
  1188                           ;main.c: 27: {
  1189  079F  2F9F               	goto	l80
  1190  07A0                     __end_of_main:	
  1191                           
  1192                           	psect	text1
  1193  07B2                     __ptext1:	
  1194 ;; *************** function _SYSTEM_Initialize *****************
  1195 ;; Defined at:
  1196 ;;		line 25 in file "mcc_generated_files/mcc.c"
  1197 ;; Parameters:    Size  Location     Type
  1198 ;;		None
  1199 ;; Auto vars:     Size  Location     Type
  1200 ;;		None
  1201 ;; Return value:  Size  Location     Type
  1202 ;;                  1    wreg      void 
  1203 ;; Registers used:
  1204 ;;		wreg, status,2, status,0, pclath, cstack
  1205 ;; Tracked objects:
  1206 ;;		On entry : 0/0
  1207 ;;		On exit  : 0/0
  1208 ;;		Unchanged: 0/0
  1209 ;; Data sizes:     COMMON   BANK0   BANK1   BANK2   BANK3   BANK4   BANK5   BANK6   BANK7   BANK8   BANK9  BANK10  BANK1
      +1  BANK12
  1210 ;;      Params:         0       0       0       0       0       0       0       0       0       0       0       0       
      +0       0
  1211 ;;      Locals:         0       0       0       0       0       0       0       0       0       0       0       0       
      +0       0
  1212 ;;      Temps:          0       0       0       0       0       0       0       0       0       0       0       0       
      +0       0
  1213 ;;      Totals:         0       0       0       0       0       0       0       0       0       0       0       0       
      +0       0
  1214 ;;Total ram usage:        0 bytes
  1215 ;; Hardware stack levels used:    1
  1216 ;; Hardware stack levels required when called:    1
  1217 ;; This function calls:
  1218 ;;		_EUSART_Initialize
  1219 ;;		_OSCILLATOR_Initialize
  1220 ;;		_PIN_MANAGER_Initialize
  1221 ;;		_WDT_Initialize
  1222 ;; This function is called by:
  1223 ;;		_main
  1224 ;; This function uses a non-reentrant model
  1225 ;;
  1226                           
  1227                           
  1228                           ;psect for function _SYSTEM_Initialize
  1229  07B2                     _SYSTEM_Initialize:	
  1230                           
  1231                           ;mcc.c: 28: PIN_MANAGER_Initialize();
  1232                           
  1233                           ;incstack = 0
  1234                           ; Regs used in _SYSTEM_Initialize: [wreg+status,2+status,0+pclath+cstack]
  1235  07B2  3187  27BE  3187   	fcall	_PIN_MANAGER_Initialize
  1236                           
  1237                           ;mcc.c: 29: OSCILLATOR_Initialize();
  1238  07B5  3187  27A0  3187   	fcall	_OSCILLATOR_Initialize
  1239                           
  1240                           ;mcc.c: 30: WDT_Initialize();
  1241  07B8  3187  2798  3187   	fcall	_WDT_Initialize
  1242                           
  1243                           ;mcc.c: 31: EUSART_Initialize();
  1244  07BB  3187  27A6         	fcall	_EUSART_Initialize
  1245  07BD  0008               	return
  1246  07BE                     __end_of_SYSTEM_Initialize:	
  1247                           
  1248                           	psect	text2
  1249  0798                     __ptext2:	
  1250 ;; *************** function _WDT_Initialize *****************
  1251 ;; Defined at:
  1252 ;;		line 44 in file "mcc_generated_files/mcc.c"
  1253 ;; Parameters:    Size  Location     Type
  1254 ;;		None
  1255 ;; Auto vars:     Size  Location     Type
  1256 ;;		None
  1257 ;; Return value:  Size  Location     Type
  1258 ;;                  1    wreg      void 
  1259 ;; Registers used:
  1260 ;;		wreg
  1261 ;; Tracked objects:
  1262 ;;		On entry : 0/0
  1263 ;;		On exit  : 0/0
  1264 ;;		Unchanged: 0/0
  1265 ;; Data sizes:     COMMON   BANK0   BANK1   BANK2   BANK3   BANK4   BANK5   BANK6   BANK7   BANK8   BANK9  BANK10  BANK1
      +1  BANK12
  1266 ;;      Params:         0       0       0       0       0       0       0       0       0       0       0       0       
      +0       0
  1267 ;;      Locals:         0       0       0       0       0       0       0       0       0       0       0       0       
      +0       0
  1268 ;;      Temps:          0       0       0       0       0       0       0       0       0       0       0       0       
      +0       0
  1269 ;;      Totals:         0       0       0       0       0       0       0       0       0       0       0       0       
      +0       0
  1270 ;;Total ram usage:        0 bytes
  1271 ;; Hardware stack levels used:    1
  1272 ;; This function calls:
  1273 ;;		Nothing
  1274 ;; This function is called by:
  1275 ;;		_SYSTEM_Initialize
  1276 ;; This function uses a non-reentrant model
  1277 ;;
  1278                           
  1279                           
  1280                           ;psect for function _WDT_Initialize
  1281  0798                     _WDT_Initialize:	
  1282                           
  1283                           ;mcc.c: 47: WDTCON = 0x16;
  1284                           
  1285                           ;incstack = 0
  1286                           ; Regs used in _WDT_Initialize: [wreg]
  1287  0798  3016               	movlw	22
  1288  0799  0021               	movlb	1	; select bank1
  1289  079A  0097               	movwf	23	;volatile
  1290  079B  0008               	return
  1291  079C                     __end_of_WDT_Initialize:	
  1292                           
  1293                           	psect	text3
  1294  07BE                     __ptext3:	
  1295 ;; *************** function _PIN_MANAGER_Initialize *****************
  1296 ;; Defined at:
  1297 ;;		line 52 in file "mcc_generated_files/pin_manager.c"
  1298 ;; Parameters:    Size  Location     Type
  1299 ;;		None
  1300 ;; Auto vars:     Size  Location     Type
  1301 ;;  state           1    0[COMMON] unsigned char 
  1302 ;; Return value:  Size  Location     Type
  1303 ;;                  1    wreg      void 
  1304 ;; Registers used:
  1305 ;;		wreg, status,2, status,0
  1306 ;; Tracked objects:
  1307 ;;		On entry : 0/0
  1308 ;;		On exit  : 0/0
  1309 ;;		Unchanged: 0/0
  1310 ;; Data sizes:     COMMON   BANK0   BANK1   BANK2   BANK3   BANK4   BANK5   BANK6   BANK7   BANK8   BANK9  BANK10  BANK1
      +1  BANK12
  1311 ;;      Params:         0       0       0       0       0       0       0       0       0       0       0       0       
      +0       0
  1312 ;;      Locals:         1       0       0       0       0       0       0       0       0       0       0       0       
      +0       0
  1313 ;;      Temps:          0       0       0       0       0       0       0       0       0       0       0       0       
      +0       0
  1314 ;;      Totals:         1       0       0       0       0       0       0       0       0       0       0       0       
      +0       0
  1315 ;;Total ram usage:        1 bytes
  1316 ;; Hardware stack levels used:    1
  1317 ;; This function calls:
  1318 ;;		Nothing
  1319 ;; This function is called by:
  1320 ;;		_SYSTEM_Initialize
  1321 ;; This function uses a non-reentrant model
  1322 ;;
  1323                           
  1324                           
  1325                           ;psect for function _PIN_MANAGER_Initialize
  1326  07BE                     _PIN_MANAGER_Initialize:	
  1327                           
  1328                           ;pin_manager.c: 57: LATA = 0x00;
  1329                           
  1330                           ;incstack = 0
  1331                           ; Regs used in _PIN_MANAGER_Initialize: [wreg+status,2+status,0]
  1332  07BE  0022               	movlb	2	; select bank2
  1333  07BF  018C               	clrf	12	;volatile
  1334                           
  1335                           ;pin_manager.c: 58: LATB = 0x00;
  1336  07C0  018D               	clrf	13	;volatile
  1337                           
  1338                           ;pin_manager.c: 59: LATC = 0x00;
  1339  07C1  018E               	clrf	14	;volatile
  1340                           
  1341                           ;pin_manager.c: 64: TRISA = 0x37;
  1342  07C2  3037               	movlw	55
  1343  07C3  0021               	movlb	1	; select bank1
  1344  07C4  008C               	movwf	12	;volatile
  1345                           
  1346                           ;pin_manager.c: 65: TRISB = 0xE0;
  1347  07C5  30E0               	movlw	224
  1348  07C6  008D               	movwf	13	;volatile
  1349                           
  1350                           ;pin_manager.c: 66: TRISC = 0xFF;
  1351  07C7  30FF               	movlw	255
  1352  07C8  008E               	movwf	14	;volatile
  1353                           
  1354                           ;pin_manager.c: 71: ANSELC = 0xCF;
  1355  07C9  30CF               	movlw	207
  1356  07CA  0023               	movlb	3	; select bank3
  1357  07CB  008E               	movwf	14	;volatile
  1358                           
  1359                           ;pin_manager.c: 72: ANSELB = 0x10;
  1360  07CC  3010               	movlw	16
  1361  07CD  008D               	movwf	13	;volatile
  1362                           
  1363                           ;pin_manager.c: 73: ANSELA = 0x17;
  1364  07CE  3017               	movlw	23
  1365  07CF  008C               	movwf	12	;volatile
  1366                           
  1367                           ;pin_manager.c: 78: WPUB = 0xF0;
  1368  07D0  30F0               	movlw	240
  1369  07D1  0024               	movlb	4	; select bank4
  1370  07D2  008D               	movwf	13	;volatile
  1371                           
  1372                           ;pin_manager.c: 79: WPUA = 0x3F;
  1373  07D3  303F               	movlw	63
  1374  07D4  008C               	movwf	12	;volatile
  1375                           
  1376                           ;pin_manager.c: 80: WPUC = 0xFF;
  1377  07D5  30FF               	movlw	255
  1378  07D6  008E               	movwf	14	;volatile
  1379                           
  1380                           ;pin_manager.c: 81: OPTION_REGbits.nWPUEN = 0;
  1381  07D7  0021               	movlb	1	; select bank1
  1382  07D8  1395               	bcf	21,7	;volatile
  1383                           
  1384                           ;pin_manager.c: 86: ODCONA = 0x00;
  1385  07D9  0025               	movlb	5	; select bank5
  1386  07DA  018C               	clrf	12	;volatile
  1387                           
  1388                           ;pin_manager.c: 87: ODCONB = 0x00;
  1389  07DB  018D               	clrf	13	;volatile
  1390                           
  1391                           ;pin_manager.c: 88: ODCONC = 0x00;
  1392  07DC  018E               	clrf	14	;volatile
  1393                           
  1394                           ;pin_manager.c: 95: bool state = (unsigned char)GIE;
  1395  07DD  3000               	movlw	0
  1396  07DE  1B8B               	btfsc	11,7	;volatile
  1397  07DF  3001               	movlw	1
  1398  07E0  00F0               	movwf	PIN_MANAGER_Initialize@state
  1399                           
  1400                           ;pin_manager.c: 96: GIE = 0;
  1401  07E1  138B               	bcf	11,7	;volatile
  1402                           
  1403                           ;pin_manager.c: 97: PPSLOCK = 0x55;
  1404  07E2  3055               	movlw	85
  1405  07E3  003C               	movlb	28	; select bank28
  1406  07E4  008F               	movwf	15	;volatile
  1407                           
  1408                           ;pin_manager.c: 98: PPSLOCK = 0xAA;
  1409  07E5  30AA               	movlw	170
  1410  07E6  008F               	movwf	15	;volatile
  1411                           
  1412                           ;pin_manager.c: 99: PPSLOCKbits.PPSLOCKED = 0x00;
  1413  07E7  100F               	bcf	15,0	;volatile
  1414                           
  1415                           ;pin_manager.c: 101: RXPPSbits.RXPPS = 0x0D;
  1416  07E8  0824               	movf	36,w	;volatile
  1417  07E9  39E0               	andlw	-32
  1418  07EA  380D               	iorlw	13
  1419  07EB  00A4               	movwf	36	;volatile
  1420                           
  1421                           ;pin_manager.c: 102: RB4PPSbits.RB4PPS = 0x14;
  1422  07EC  003D               	movlb	29	; select bank29
  1423  07ED  081C               	movf	28,w	;volatile
  1424  07EE  39E0               	andlw	-32
  1425  07EF  3814               	iorlw	20
  1426  07F0  009C               	movwf	28	;volatile
  1427                           
  1428                           ;pin_manager.c: 104: PPSLOCK = 0x55;
  1429  07F1  3055               	movlw	85
  1430  07F2  003C               	movlb	28	; select bank28
  1431  07F3  008F               	movwf	15	;volatile
  1432                           
  1433                           ;pin_manager.c: 105: PPSLOCK = 0xAA;
  1434  07F4  30AA               	movlw	170
  1435  07F5  008F               	movwf	15	;volatile
  1436                           
  1437                           ;pin_manager.c: 106: PPSLOCKbits.PPSLOCKED = 0x01;
  1438  07F6  140F               	bsf	15,0	;volatile
  1439                           
  1440                           ;pin_manager.c: 108: GIE = state;
  1441  07F7  1C70               	btfss	PIN_MANAGER_Initialize@state,0
  1442  07F8  2FFB               	goto	u10
  1443  07F9  178B               	bsf	11,7	;volatile
  1444  07FA  0008               	return
  1445  07FB                     u10:	
  1446  07FB  138B               	bcf	11,7	;volatile
  1447  07FC  0008               	return
  1448  07FD                     __end_of_PIN_MANAGER_Initialize:	
  1449                           
  1450                           	psect	text4
  1451  07A0                     __ptext4:	
  1452 ;; *************** function _OSCILLATOR_Initialize *****************
  1453 ;; Defined at:
  1454 ;;		line 34 in file "mcc_generated_files/mcc.c"
  1455 ;; Parameters:    Size  Location     Type
  1456 ;;		None
  1457 ;; Auto vars:     Size  Location     Type
  1458 ;;		None
  1459 ;; Return value:  Size  Location     Type
  1460 ;;                  1    wreg      void 
  1461 ;; Registers used:
  1462 ;;		wreg, status,2
  1463 ;; Tracked objects:
  1464 ;;		On entry : 0/0
  1465 ;;		On exit  : 0/0
  1466 ;;		Unchanged: 0/0
  1467 ;; Data sizes:     COMMON   BANK0   BANK1   BANK2   BANK3   BANK4   BANK5   BANK6   BANK7   BANK8   BANK9  BANK10  BANK1
      +1  BANK12
  1468 ;;      Params:         0       0       0       0       0       0       0       0       0       0       0       0       
      +0       0
  1469 ;;      Locals:         0       0       0       0       0       0       0       0       0       0       0       0       
      +0       0
  1470 ;;      Temps:          0       0       0       0       0       0       0       0       0       0       0       0       
      +0       0
  1471 ;;      Totals:         0       0       0       0       0       0       0       0       0       0       0       0       
      +0       0
  1472 ;;Total ram usage:        0 bytes
  1473 ;; Hardware stack levels used:    1
  1474 ;; This function calls:
  1475 ;;		Nothing
  1476 ;; This function is called by:
  1477 ;;		_SYSTEM_Initialize
  1478 ;; This function uses a non-reentrant model
  1479 ;;
  1480                           
  1481                           
  1482                           ;psect for function _OSCILLATOR_Initialize
  1483  07A0                     _OSCILLATOR_Initialize:	
  1484                           
  1485                           ;mcc.c: 37: OSCCON = 0x7A;
  1486                           
  1487                           ;incstack = 0
  1488                           ; Regs used in _OSCILLATOR_Initialize: [wreg+status,2]
  1489  07A0  307A               	movlw	122
  1490  07A1  0021               	movlb	1	; select bank1
  1491  07A2  0099               	movwf	25	;volatile
  1492                           
  1493                           ;mcc.c: 39: OSCSTAT = 0x00;
  1494  07A3  019A               	clrf	26	;volatile
  1495                           
  1496                           ;mcc.c: 41: OSCTUNE = 0x00;
  1497  07A4  0198               	clrf	24	;volatile
  1498  07A5  0008               	return
  1499  07A6                     __end_of_OSCILLATOR_Initialize:	
  1500                           
  1501                           	psect	text5
  1502  07A6                     __ptext5:	
  1503 ;; *************** function _EUSART_Initialize *****************
  1504 ;; Defined at:
  1505 ;;		line 7 in file "mcc_generated_files/eusart.c"
  1506 ;; Parameters:    Size  Location     Type
  1507 ;;		None
  1508 ;; Auto vars:     Size  Location     Type
  1509 ;;		None
  1510 ;; Return value:  Size  Location     Type
  1511 ;;                  1    wreg      void 
  1512 ;; Registers used:
  1513 ;;		wreg
  1514 ;; Tracked objects:
  1515 ;;		On entry : 0/0
  1516 ;;		On exit  : 0/0
  1517 ;;		Unchanged: 0/0
  1518 ;; Data sizes:     COMMON   BANK0   BANK1   BANK2   BANK3   BANK4   BANK5   BANK6   BANK7   BANK8   BANK9  BANK10  BANK1
      +1  BANK12
  1519 ;;      Params:         0       0       0       0       0       0       0       0       0       0       0       0       
      +0       0
  1520 ;;      Locals:         0       0       0       0       0       0       0       0       0       0       0       0       
      +0       0
  1521 ;;      Temps:          0       0       0       0       0       0       0       0       0       0       0       0       
      +0       0
  1522 ;;      Totals:         0       0       0       0       0       0       0       0       0       0       0       0       
      +0       0
  1523 ;;Total ram usage:        0 bytes
  1524 ;; Hardware stack levels used:    1
  1525 ;; This function calls:
  1526 ;;		Nothing
  1527 ;; This function is called by:
  1528 ;;		_SYSTEM_Initialize
  1529 ;; This function uses a non-reentrant model
  1530 ;;
  1531                           
  1532                           
  1533                           ;psect for function _EUSART_Initialize
  1534  07A6                     _EUSART_Initialize:	
  1535                           
  1536                           ;eusart.c: 12: BAUD1CON = 0x08;
  1537                           
  1538                           ;incstack = 0
  1539                           ; Regs used in _EUSART_Initialize: [wreg]
  1540  07A6  3008               	movlw	8
  1541  07A7  0023               	movlb	3	; select bank3
  1542  07A8  009F               	movwf	31	;volatile
  1543                           
  1544                           ;eusart.c: 15: RC1STA = 0x90;
  1545  07A9  3090               	movlw	144
  1546  07AA  009D               	movwf	29	;volatile
  1547                           
  1548                           ;eusart.c: 18: TX1STA = 0x04;
  1549  07AB  3004               	movlw	4
  1550  07AC  009E               	movwf	30	;volatile
  1551                           
  1552                           ;eusart.c: 21: SP1BRGL = 0xA0;
  1553  07AD  30A0               	movlw	160
  1554  07AE  009B               	movwf	27	;volatile
  1555                           
  1556                           ;eusart.c: 24: SP1BRGH = 0x01;
  1557  07AF  3001               	movlw	1
  1558  07B0  009C               	movwf	28	;volatile
  1559  07B1  0008               	return
  1560  07B2                     __end_of_EUSART_Initialize:	
  1561  007E                     btemp	set	126	;btemp
  1562  007E                     wtemp0	set	126


Data Sizes:
    Strings     0
    Constant    0
    Data        0
    BSS         0
    Persistent  0
    Stack       0

Auto Spaces:
    Space          Size  Autos    Used
    COMMON           14      1       1
    BANK0            80      0       0
    BANK1            80      0       0
    BANK2            80      0       0
    BANK3            80      0       0
    BANK4            80      0       0
    BANK5            80      0       0
    BANK6            80      0       0
    BANK7            80      0       0
    BANK8            80      0       0
    BANK9            80      0       0
    BANK10           80      0       0
    BANK11           80      0       0
    BANK12           48      0       0

Pointer List with Targets:

    None.

Critical Paths under _main in COMMON

    _SYSTEM_Initialize->_PIN_MANAGER_Initialize

Critical Paths under _main in BANK0

    None.

Critical Paths under _main in BANK1

    None.

Critical Paths under _main in BANK2

    None.

Critical Paths under _main in BANK3

    None.

Critical Paths under _main in BANK4

    None.

Critical Paths under _main in BANK5

    None.

Critical Paths under _main in BANK6

    None.

Critical Paths under _main in BANK7

    None.

Critical Paths under _main in BANK8

    None.

Critical Paths under _main in BANK9

    None.

Critical Paths under _main in BANK10

    None.

Critical Paths under _main in BANK11

    None.

Critical Paths under _main in BANK12

    None.

Call Graph Tables:

 ---------------------------------------------------------------------------------
 (Depth) Function   	        Calls       Base Space   Used Autos Params    Refs
 ---------------------------------------------------------------------------------
 (0) _main                                                 0     0      0      15
                  _SYSTEM_Initialize
 ---------------------------------------------------------------------------------
 (1) _SYSTEM_Initialize                                    0     0      0      15
                  _EUSART_Initialize
              _OSCILLATOR_Initialize
             _PIN_MANAGER_Initialize
                     _WDT_Initialize
 ---------------------------------------------------------------------------------
 (2) _WDT_Initialize                                       0     0      0       0
 ---------------------------------------------------------------------------------
 (2) _PIN_MANAGER_Initialize                               1     1      0      15
                                              0 COMMON     1     1      0
 ---------------------------------------------------------------------------------
 (2) _OSCILLATOR_Initialize                                0     0      0       0
 ---------------------------------------------------------------------------------
 (2) _EUSART_Initialize                                    0     0      0       0
 ---------------------------------------------------------------------------------
 Estimated maximum stack depth 2
 ---------------------------------------------------------------------------------

 Call Graph Graphs:

 _main (ROOT)
   _SYSTEM_Initialize
     _EUSART_Initialize
     _OSCILLATOR_Initialize
     _PIN_MANAGER_Initialize
     _WDT_Initialize

 Address spaces:
Name               Size   Autos  Total    Cost      Usage
BIGRAM             3F0      0       0       0        0.0%
NULL                 0      0       0       0        0.0%
CODE                 0      0       0       0        0.0%
BITCOMMON            E      0       0       1        0.0%
BITSFR0              0      0       0       1        0.0%
SFR0                 0      0       0       1        0.0%
COMMON               E      1       1       2        7.1%
BITSFR1              0      0       0       2        0.0%
SFR1                 0      0       0       2        0.0%
BITSFR2              0      0       0       3        0.0%
SFR2                 0      0       0       3        0.0%
STACK                0      0       0       3        0.0%
BITBANK0            50      0       0       4        0.0%
BITSFR3              0      0       0       4        0.0%
SFR3                 0      0       0       4        0.0%
BANK0               50      0       0       5        0.0%
BITSFR4              0      0       0       5        0.0%
SFR4                 0      0       0       5        0.0%
BITBANK1            50      0       0       6        0.0%
BITSFR5              0      0       0       6        0.0%
SFR5                 0      0       0       6        0.0%
BANK1               50      0       0       7        0.0%
BITSFR6              0      0       0       7        0.0%
SFR6                 0      0       0       7        0.0%
BITBANK2            50      0       0       8        0.0%
BITSFR7              0      0       0       8        0.0%
SFR7                 0      0       0       8        0.0%
BANK2               50      0       0       9        0.0%
BITSFR8              0      0       0       9        0.0%
SFR8                 0      0       0       9        0.0%
BITBANK3            50      0       0      10        0.0%
BITSFR9              0      0       0      10        0.0%
SFR9                 0      0       0      10        0.0%
BANK3               50      0       0      11        0.0%
BITSFR10             0      0       0      11        0.0%
SFR10                0      0       0      11        0.0%
BITBANK4            50      0       0      12        0.0%
BITSFR11             0      0       0      12        0.0%
SFR11                0      0       0      12        0.0%
BANK4               50      0       0      13        0.0%
BITSFR12             0      0       0      13        0.0%
SFR12                0      0       0      13        0.0%
BITBANK5            50      0       0      14        0.0%
BITSFR13             0      0       0      14        0.0%
SFR13                0      0       0      14        0.0%
BANK5               50      0       0      15        0.0%
BITSFR14             0      0       0      15        0.0%
SFR14                0      0       0      15        0.0%
BITBANK6            50      0       0      16        0.0%
BITSFR15             0      0       0      16        0.0%
SFR15                0      0       0      16        0.0%
BANK6               50      0       0      17        0.0%
BITSFR16             0      0       0      17        0.0%
SFR16                0      0       0      17        0.0%
BITBANK7            50      0       0      18        0.0%
BITSFR17             0      0       0      18        0.0%
SFR17                0      0       0      18        0.0%
BANK7               50      0       0      19        0.0%
BITSFR18             0      0       0      19        0.0%
SFR18                0      0       0      19        0.0%
BITSFR19             0      0       0      20        0.0%
SFR19                0      0       0      20        0.0%
ABS                  0      0       0      20        0.0%
BITBANK8            50      0       0      21        0.0%
BITSFR20             0      0       0      21        0.0%
SFR20                0      0       0      21        0.0%
BANK8               50      0       0      22        0.0%
BITSFR21             0      0       0      22        0.0%
SFR21                0      0       0      22        0.0%
BITBANK9            50      0       0      23        0.0%
BITSFR22             0      0       0      23        0.0%
SFR22                0      0       0      23        0.0%
BANK9               50      0       0      24        0.0%
BITSFR23             0      0       0      24        0.0%
SFR23                0      0       0      24        0.0%
BITBANK10           50      0       0      25        0.0%
BITSFR24             0      0       0      25        0.0%
SFR24                0      0       0      25        0.0%
BANK10              50      0       0      26        0.0%
BITSFR25             0      0       0      26        0.0%
SFR25                0      0       0      26        0.0%
BITBANK11           50      0       0      27        0.0%
BITSFR26             0      0       0      27        0.0%
SFR26                0      0       0      27        0.0%
BANK11              50      0       0      28        0.0%
BITSFR27             0      0       0      28        0.0%
SFR27                0      0       0      28        0.0%
BITBANK12           30      0       0      29        0.0%
BITSFR28             0      0       0      29        0.0%
SFR28                0      0       0      29        0.0%
BANK12              30      0       0      30        0.0%
BITSFR29             0      0       0      30        0.0%
SFR29                0      0       0      30        0.0%
BITSFR30             0      0       0      31        0.0%
SFR30                0      0       0      31        0.0%
DATA                 0      0       0      31        0.0%
BITSFR31             0      0       0      32        0.0%
SFR31                0      0       0      32        0.0%


Microchip Technology PIC Macro Assembler V1.43 build -156212558 
Symbol Table                                                                                   Mon Sep 18 10:22:33 2017

                    __CFG_CP$OFF 0000                               l80 079F                               u10 07FB  
                    __CFG_LVP$ON 0000                              _GIE 005F                     __CFG_BORV$LO 0000  
                   __CFG_IESO$ON 0000                     __CFG_WDTE$ON 0000                             _LATA 010C  
                           _LATB 010D                             _LATC 010E                             _WPUA 020C  
                           _WPUB 020D                             _WPUC 020E                     __CFG_WRT$OFF 0000  
                  __CFG_FCMEN$ON 0000                             _main 079C                             btemp 007E  
                  __CFG_BOREN$ON 0000                             start 0002                    __CFG_MCLRE$ON 0000  
                  __CFG_PLLEN$ON 0000   __size_of_OSCILLATOR_Initialize 0006    __end_of_OSCILLATOR_Initialize 07A6  
                          ?_main 0070                            _TRISA 008C                            _TRISB 008D  
                          _TRISC 008E                   _WDT_Initialize 0798                            wtemp0 007E  
                __initialization 07FD                     __end_of_main 07A0                   __CFG_LPBOR$OFF 0000  
                         ??_main 0071           __end_of_WDT_Initialize 079C                   __CFG_ZCDDIS$ON 0000  
                         _ANSELA 018C                           _ANSELB 018D                           _ANSELC 018E  
                         _RC1REG 0199                           _RC1STA 019D                           _ODCONA 028C  
                         _ODCONB 028D                           _ODCONC 028E                           _OSCCON 0099  
                         _TX1REG 019A                           _WDTCON 0097                           _TX1STA 019E  
                 __CFG_PWRTE$OFF 0000                   __CFG_STVREN$ON 0000                  ?_WDT_Initialize 0070  
              _SYSTEM_Initialize 07B2          __end_of__initialization 07FD               ?_SYSTEM_Initialize 0070  
                 __pcstackCOMMON 0070              ??_SYSTEM_Initialize 0071                   _OPTION_REGbits 0095  
      __end_of_SYSTEM_Initialize 07BE                       __pmaintext 079C                  __CFG_PPS1WAY$ON 0000  
                        _SP1BRGH 019C                          _SP1BRGL 019B                          _OSCSTAT 009A  
                        _OSCTUNE 0098                          _PPSLOCK 0E0F                          __ptext1 07B2  
                        __ptext2 0798                          __ptext3 07BE                          __ptext4 07A0  
                        __ptext5 07A6            _OSCILLATOR_Initialize 07A0         ??_PIN_MANAGER_Initialize 0070  
     __size_of_SYSTEM_Initialize 000C             end_of_initialization 07FD                _EUSART_Initialize 07A6  
             ?_EUSART_Initialize 0070              ??_EUSART_Initialize 0070                 ??_WDT_Initialize 0070  
               __CFG_FOSC$INTOSC 0000                        _RXPPSbits 0E24        __end_of_EUSART_Initialize 07B2  
         ?_OSCILLATOR_Initialize 0070              start_initialization 07FD  __size_of_PIN_MANAGER_Initialize 003F  
                      ___latbits 0002       __size_of_EUSART_Initialize 000C           _PIN_MANAGER_Initialize 07BE  
                       _BAUD1CON 019F                         _PIR1bits 0011          ??_OSCILLATOR_Initialize 0070  
                  __size_of_main 0004                       _RC1STAbits 019D                       _RB4PPSbits 0E9C  
    PIN_MANAGER_Initialize@state 0070          __size_of_WDT_Initialize 0004          ?_PIN_MANAGER_Initialize 0070  
              __CFG_CLKOUTEN$OFF 0000                      _PPSLOCKbits 0E0F   __end_of_PIN_MANAGER_Initialize 07FD  
